2017-07-22 14:33:27,731 [49] INFO  _Default - hello
 _Defaultname2017-07-22 21:47:52,185 [338] INFO  _Default - hello
 _Defaultname2017-07-22 22:10:32,080 [285] INFO  _Default - hello
 _Defaultname2017-07-22 22:51:06,228 [306] INFO  _Default - hello
 _Defaultname2017-07-22 22:54:30,433 [298] ERROR YK.Core.SqlHelper - 对象名 'TB_Admin_UserInRole' 无效。
 YK.Core.SqlHelpernameSystem.Data.SqlClient.SqlException (0x80131904): 对象名 'TB_Admin_UserInRole' 无效。
   在 System.Data.SqlClient.SqlConnection.OnError(SqlException exception, Boolean breakConnection, Action`1 wrapCloseInAction)
   在 System.Data.SqlClient.SqlInternalConnection.OnError(SqlException exception, Boolean breakConnection, Action`1 wrapCloseInAction)
   在 System.Data.SqlClient.TdsParser.ThrowExceptionAndWarning(TdsParserStateObject stateObj, Boolean callerHasConnectionLock, Boolean asyncClose)
   在 System.Data.SqlClient.TdsParser.TryRun(RunBehavior runBehavior, SqlCommand cmdHandler, SqlDataReader dataStream, BulkCopySimpleResultSet bulkCopyHandler, TdsParserStateObject stateObj, Boolean& dataReady)
   在 System.Data.SqlClient.SqlDataReader.TryConsumeMetaData()
   在 System.Data.SqlClient.SqlDataReader.get_MetaData()
   在 System.Data.SqlClient.SqlCommand.FinishExecuteReader(SqlDataReader ds, RunBehavior runBehavior, String resetOptionsString)
   在 System.Data.SqlClient.SqlCommand.RunExecuteReaderTds(CommandBehavior cmdBehavior, RunBehavior runBehavior, Boolean returnStream, Boolean async, Int32 timeout, Task& task, Boolean asyncWrite, SqlDataReader ds, Boolean describeParameterEncryptionRequest)
   在 System.Data.SqlClient.SqlCommand.RunExecuteReader(CommandBehavior cmdBehavior, RunBehavior runBehavior, Boolean returnStream, String method, TaskCompletionSource`1 completion, Int32 timeout, Task& task, Boolean asyncWrite)
   在 System.Data.SqlClient.SqlCommand.RunExecuteReader(CommandBehavior cmdBehavior, RunBehavior runBehavior, Boolean returnStream, String method)
   在 System.Data.SqlClient.SqlCommand.ExecuteReader(CommandBehavior behavior, String method)
   在 System.Data.SqlClient.SqlCommand.ExecuteReader(CommandBehavior behavior)
   在 YK.Core.SqlHelper.ExecuteReader(CommandType cmdType, String cmdText, List`1 spr) 位置 E:\颜锟\最新模板全新\Web\YK.Core\SqlHelper\SqlHelper.cs:行号 251
ClientConnectionId:ce22a691-d474-4130-baf8-e766db62b1db
Error Number:208,State:1,Class:16
2017-07-22 23:02:30,840 [289] INFO  _Default - hello
 _Defaultname